d:\c++ projects\cis 200 projects 2022\cis200_finalproject\cis200_finalproject\debug\vc143.pdb
d:\c++ projects\cis 200 projects 2022\cis200_finalproject\cis200_finalproject\debug\vc143.idb
d:\c++ projects\cis 200 projects 2022\cis200_finalproject\cis200_finalproject\debug\time.obj
d:\c++ projects\cis 200 projects 2022\cis200_finalproject\cis200_finalproject\debug\shoppingitem.obj
d:\c++ projects\cis 200 projects 2022\cis200_finalproject\cis200_finalproject\debug\itemprice.obj
d:\c++ projects\cis 200 projects 2022\cis200_finalproject\cis200_finalproject\debug\itemamount.obj
d:\c++ projects\cis 200 projects 2022\cis200_finalproject\cis200_finalproject\debug\date.obj
d:\c++ projects\cis 200 projects 2022\cis200_finalproject\cis200_finalproject\debug\customerinfo.obj
d:\c++ projects\cis 200 projects 2022\cis200_finalproject\cis200_finalproject\debug\main.obj
d:\c++ projects\cis 200 projects 2022\cis200_finalproject\debug\cis200_finalproject.pdb
d:\c++ projects\cis 200 projects 2022\cis200_finalproject\cis200_finalproject\debug\cis200_f.8875e125.tlog\cl.command.1.tlog
d:\c++ projects\cis 200 projects 2022\cis200_finalproject\cis200_finalproject\debug\cis200_f.8875e125.tlog\cl.read.1.tlog
d:\c++ projects\cis 200 projects 2022\cis200_finalproject\cis200_finalproject\debug\cis200_f.8875e125.tlog\cl.write.1.tlog
d:\c++ projects\cis 200 projects 2022\cis200_finalproject\cis200_finalproject\debug\cis200_f.8875e125.tlog\link-cvtres.read.1.tlog
d:\c++ projects\cis 200 projects 2022\cis200_finalproject\cis200_finalproject\debug\cis200_f.8875e125.tlog\link-cvtres.write.1.tlog
d:\c++ projects\cis 200 projects 2022\cis200_finalproject\cis200_finalproject\debug\cis200_f.8875e125.tlog\link-rc.read.1.tlog
d:\c++ projects\cis 200 projects 2022\cis200_finalproject\cis200_finalproject\debug\cis200_f.8875e125.tlog\link-rc.write.1.tlog
d:\c++ projects\cis 200 projects 2022\cis200_finalproject\cis200_finalproject\debug\cis200_f.8875e125.tlog\link.command.1.tlog
d:\c++ projects\cis 200 projects 2022\cis200_finalproject\cis200_finalproject\debug\cis200_f.8875e125.tlog\link.read.1.tlog
d:\c++ projects\cis 200 projects 2022\cis200_finalproject\cis200_finalproject\debug\cis200_f.8875e125.tlog\link.write.1.tlog
